Altio/build/app/intermediates/manifest_merge_blame_file/prodRelease/processProdReleaseMainManifest/manifest-merger-blame-prod-release-report.txt
1<?xml version="1.0" encoding="utf-8"?>
2<manifest xmlns:android="http://schemas.android.com/apk/res/android"
3    package="com.craftech360.avm"
4    android:versionCode="1"
5    android:versionName="2.0.1" >
6
7    <uses-sdk
8        android:minSdkVersion="24"
9        android:targetSdkVersion="34" />
10
11    <uses-permission android:name="android.permission.INTERNET" />
11-->src/main/AndroidManifest.xml:5:5-67
11-->src/main/AndroidManifest.xml:5:22-64
12    <uses-permission android:name="android.permission.POST_NOTIFICATIONS" />
12-->src/main/AndroidManifest.xml:6:5-77
12-->src/main/AndroidManifest.xml:6:22-74
13    <!--
14     Tell Google Play Store that your app uses Bluetooth LE
15     Set android:required="true" if bluetooth is necessary
16    -->
17    <uses-feature
17-->src/main/AndroidManifest.xml:9:5-90
18        android:name="android.hardware.bluetooth_le"
18-->src/main/AndroidManifest.xml:9:19-63
19        android:required="true" />
19-->src/main/AndroidManifest.xml:9:64-87
20    <!--
21    New Bluetooth permissions in Android 12
22    https://developer.android.com/about/versions/12/features/bluetooth-permissions
23    -->
24    <uses-permission
24-->src/main/AndroidManifest.xml:12:5-120
25        android:name="android.permission.BLUETOOTH_SCAN"
25-->src/main/AndroidManifest.xml:12:22-70
26        android:usesPermissionFlags="neverForLocation" />
26-->src/main/AndroidManifest.xml:12:71-117
27    <uses-permission android:name="android.permission.BLUETOOTH_CONNECT" />
27-->src/main/AndroidManifest.xml:13:5-76
27-->src/main/AndroidManifest.xml:13:22-73
28    <!-- legacy for Android 11 or lower -->
29    <uses-permission
29-->src/main/AndroidManifest.xml:15:5-95
30        android:name="android.permission.BLUETOOTH"
30-->src/main/AndroidManifest.xml:15:22-65
31        android:maxSdkVersion="30" />
31-->src/main/AndroidManifest.xml:15:66-92
32    <uses-permission
32-->src/main/AndroidManifest.xml:16:5-101
33        android:name="android.permission.BLUETOOTH_ADMIN"
33-->src/main/AndroidManifest.xml:16:22-71
34        android:maxSdkVersion="30" />
34-->src/main/AndroidManifest.xml:16:72-98
35    <uses-permission android:name="android.permission.ACCESS_FINE_LOCATION" />
35-->src/main/AndroidManifest.xml:17:5-79
35-->src/main/AndroidManifest.xml:17:22-76
36    <!-- legacy for Android 9 or lower -->
37    <uses-permission android:name="android.permission.ACCESS_COARSE_LOCATION" />
37-->src/main/AndroidManifest.xml:19:5-81
37-->src/main/AndroidManifest.xml:19:22-78
38    <uses-permission android:name="android.permission.VIBRATE" />
38-->src/main/AndroidManifest.xml:20:5-66
38-->src/main/AndroidManifest.xml:20:22-63
39    <uses-permission android:name="android.permission.RECEIVE_BOOT_COMPLETED" />
39-->src/main/AndroidManifest.xml:21:5-81
39-->src/main/AndroidManifest.xml:21:22-78
40    <uses-permission android:name="android.permission.REQUEST_IGNORE_BATTERY_OPTIMIZATIONS" />
40-->src/main/AndroidManifest.xml:22:5-95
40-->src/main/AndroidManifest.xml:22:22-92
41
42    <!-- INSTABUG PERMISSIONS -->
43    <uses-permission android:name="android.permission.ACCESS_NETWORK_STATE" />
43-->src/main/AndroidManifest.xml:25:5-79
43-->src/main/AndroidManifest.xml:25:22-76
44    <uses-permission android:name="android.permission.WRITE_EXTERNAL_STORAGE" />
44-->src/main/AndroidManifest.xml:26:5-81
44-->src/main/AndroidManifest.xml:26:22-78
45    <uses-permission android:name="android.permission.READ_EXTERNAL_STORAGE" />
45-->src/main/AndroidManifest.xml:27:5-80
45-->src/main/AndroidManifest.xml:27:22-77
46    <uses-permission android:name="android.permission.ACCESS_WIFI_STATE" />
46-->src/main/AndroidManifest.xml:28:5-76
46-->src/main/AndroidManifest.xml:28:22-73
47    <uses-permission android:name="android.permission.RECORD_AUDIO" />
47-->src/main/AndroidManifest.xml:29:5-71
47-->src/main/AndroidManifest.xml:29:22-68
48    <uses-permission android:name="android.permission.MODIFY_AUDIO_SETTINGS" />
48-->src/main/AndroidManifest.xml:30:5-80
48-->src/main/AndroidManifest.xml:30:22-77
49    <uses-permission android:name="android.permission.INTERNET" />
49-->src/main/AndroidManifest.xml:5:5-67
49-->src/main/AndroidManifest.xml:5:22-64
50    <uses-permission android:name="android.permission.WAKE_LOCK" />
50-->src/main/AndroidManifest.xml:32:5-68
50-->src/main/AndroidManifest.xml:32:22-65
51    <!-- Refer https://developer.android.com/about/versions/14/changes/fgs-types-required#connected-device -->
52    <uses-permission android:name="android.permission.CHANGE_NETWORK_STATE" />
52-->src/main/AndroidManifest.xml:34:5-79
52-->src/main/AndroidManifest.xml:34:22-76
53
54    <!-- In the permission part of your manifest, these permission are needed if you target Android 14 phones -->
55    <uses-permission android:name="android.permission.FOREGROUND_SERVICE" />
55-->src/main/AndroidManifest.xml:37:5-77
55-->src/main/AndroidManifest.xml:37:22-74
56    <uses-permission android:name="android.permission.FOREGROUND_SERVICE_CONNECTED_DEVICE" />
56-->src/main/AndroidManifest.xml:38:5-94
56-->src/main/AndroidManifest.xml:38:22-91
57    <uses-permission android:name="android.permission.FOREGROUND_SERVICE_DATA_SYNC" />
57-->src/main/AndroidManifest.xml:39:5-87
57-->src/main/AndroidManifest.xml:39:22-84
58    <uses-permission android:name="android.permission.FOREGROUND_SERVICE_MICROPHONE" />
58-->src/main/AndroidManifest.xml:40:5-88
58-->src/main/AndroidManifest.xml:40:22-85
59    <uses-permission android:name="android.permission.FOREGROUND_SERVICE_LOCATION" />
59-->src/main/AndroidManifest.xml:41:5-86
59-->src/main/AndroidManifest.xml:41:22-83
60    <uses-permission android:name="android.permission.ACCESS_BACKGROUND_LOCATION" />
60-->src/main/AndroidManifest.xml:42:5-84
60-->src/main/AndroidManifest.xml:42:22-82
61    <uses-permission android:name="android.permission.FOREGROUND_BLUETOOTH_CONNECT" />
61-->src/main/AndroidManifest.xml:43:5-87
61-->src/main/AndroidManifest.xml:43:22-84
62    <uses-permission android:name="android.permission.FOREGROUND_BLUETOOTH_SCAN" />
62-->src/main/AndroidManifest.xml:44:5-84
62-->src/main/AndroidManifest.xml:44:22-81
63    <uses-permission android:name="android.permission.FOREGROUND_CHANGE_NETWORK_STATE" />
63-->src/main/AndroidManifest.xml:45:5-90
63-->src/main/AndroidManifest.xml:45:22-87
64    <uses-permission android:name="android.permission.READ_CALENDAR" />
64-->src/main/AndroidManifest.xml:46:5-72
64-->src/main/AndroidManifest.xml:46:22-69
65    <uses-permission android:name="android.permission.WRITE_CALENDAR" />
65-->src/main/AndroidManifest.xml:47:5-73
65-->src/main/AndroidManifest.xml:47:22-70
66    <uses-permission android:name="android.permission.BROADCAST_CLOSE_SYSTEM_DIALOGS" />
66-->[:awesome_notifications] AndroidManifest.xml:7:5-89
66-->[:awesome_notifications] AndroidManifest.xml:7:22-86
67
68    <queries>
68-->[:map_launcher] AndroidManifest.xml:7:5-34:15
69        <package android:name="com.google.android.apps.maps" />
69-->[:map_launcher] AndroidManifest.xml:8:9-64
69-->[:map_launcher] AndroidManifest.xml:8:18-61
70        <package android:name="com.google.android.apps.mapslite" />
70-->[:map_launcher] AndroidManifest.xml:9:9-68
70-->[:map_launcher] AndroidManifest.xml:9:18-65
71        <package android:name="com.autonavi.minimap" />
71-->[:map_launcher] AndroidManifest.xml:10:9-56
71-->[:map_launcher] AndroidManifest.xml:10:18-53
72        <package android:name="com.baidu.BaiduMap" />
72-->[:map_launcher] AndroidManifest.xml:11:9-54
72-->[:map_launcher] AndroidManifest.xml:11:18-51
73        <package android:name="com.waze" />
73-->[:map_launcher] AndroidManifest.xml:12:9-44
73-->[:map_launcher] AndroidManifest.xml:12:18-41
74        <package android:name="ru.yandex.yandexnavi" />
74-->[:map_launcher] AndroidManifest.xml:13:9-56
74-->[:map_launcher] AndroidManifest.xml:13:18-53
75        <package android:name="ru.yandex.yandexmaps" />
75-->[:map_launcher] AndroidManifest.xml:14:9-56
75-->[:map_launcher] AndroidManifest.xml:14:18-53
76        <package android:name="com.citymapper.app.release" />
76-->[:map_launcher] AndroidManifest.xml:15:9-62
76-->[:map_launcher] AndroidManifest.xml:15:18-59
77        <package android:name="com.mapswithme.maps.pro" />
77-->[:map_launcher] AndroidManifest.xml:16:9-59
77-->[:map_launcher] AndroidManifest.xml:16:18-56
78        <package android:name="net.osmand" />
78-->[:map_launcher] AndroidManifest.xml:17:9-46
78-->[:map_launcher] AndroidManifest.xml:17:18-43
79        <package android:name="net.osmand.plus" />
79-->[:map_launcher] AndroidManifest.xml:18:9-51
79-->[:map_launcher] AndroidManifest.xml:18:18-48
80        <package android:name="ru.dublgis.dgismobile" />
80-->[:map_launcher] AndroidManifest.xml:19:9-57
80-->[:map_launcher] AndroidManifest.xml:19:18-54
81        <package android:name="com.tencent.map" />
81-->[:map_launcher] AndroidManifest.xml:20:9-51
81-->[:map_launcher] AndroidManifest.xml:20:18-48
82        <package android:name="com.here.app.maps" />
82-->[:map_launcher] AndroidManifest.xml:21:9-53
82-->[:map_launcher] AndroidManifest.xml:21:18-50
83        <package android:name="com.huawei.maps.app" />
83-->[:map_launcher] AndroidManifest.xml:22:9-55
83-->[:map_launcher] AndroidManifest.xml:22:18-52
84        <package android:name="com.alk.copilot.mapviewer" />
84-->[:map_launcher] AndroidManifest.xml:23:9-61
84-->[:map_launcher] AndroidManifest.xml:23:18-58
85        <package android:name="com.tomtom.gplay.navapp" />
85-->[:map_launcher] AndroidManifest.xml:24:9-59
85-->[:map_launcher] AndroidManifest.xml:24:18-56
86        <package android:name="com.tomtom.gplay.navapp.gofleet" />
86-->[:map_launcher] AndroidManifest.xml:25:9-67
86-->[:map_launcher] AndroidManifest.xml:25:18-64
87        <package android:name="com.sygic.truck" />
87-->[:map_launcher] AndroidManifest.xml:26:9-51
87-->[:map_launcher] AndroidManifest.xml:26:18-48
88        <package android:name="nl.flitsmeister" />
88-->[:map_launcher] AndroidManifest.xml:27:9-51
88-->[:map_launcher] AndroidManifest.xml:27:18-48
89        <package android:name="nl.flitsmeister.flux" />
89-->[:map_launcher] AndroidManifest.xml:28:9-56
89-->[:map_launcher] AndroidManifest.xml:28:18-53
90        <package android:name="com.nhn.android.nmap" />
90-->[:map_launcher] AndroidManifest.xml:29:9-56
90-->[:map_launcher] AndroidManifest.xml:29:18-53
91        <package android:name="net.daum.android.map" />
91-->[:map_launcher] AndroidManifest.xml:30:9-56
91-->[:map_launcher] AndroidManifest.xml:30:18-53
92        <package android:name="com.skt.tmap.ku" />
92-->[:map_launcher] AndroidManifest.xml:31:9-51
92-->[:map_launcher] AndroidManifest.xml:31:18-48
93        <package android:name="cz.seznam.mapy" />
93-->[:map_launcher] AndroidManifest.xml:32:9-50
93-->[:map_launcher] AndroidManifest.xml:32:18-47
94        <package android:name="com.mmi.maps" />
94-->[:map_launcher] AndroidManifest.xml:33:9-48
94-->[:map_launcher] AndroidManifest.xml:33:18-45
95
96        <intent>
96-->[com.instabug.library:instabug-survey:14.1.0] AndroidManifest.xml:8:9-12:18
97            <action android:name="android.intent.action.VIEW" />
97-->src/main/AndroidManifest.xml:81:17-69
97-->src/main/AndroidManifest.xml:81:25-66
98
99            <data android:scheme="http" />
99-->[com.instabug.library:instabug-survey:14.1.0] AndroidManifest.xml:11:13-43
99-->[com.instabug.library:instabug-survey:14.1.0] AndroidManifest.xml:11:19-40
100        </intent>
101        <intent>
101-->[com.instabug.library:instabug-survey:14.1.0] AndroidManifest.xml:13:9-17:18
102            <action android:name="android.intent.action.VIEW" />
102-->src/main/AndroidManifest.xml:81:17-69
102-->src/main/AndroidManifest.xml:81:25-66
103
104            <data android:scheme="https" />
104-->[com.instabug.library:instabug-survey:14.1.0] AndroidManifest.xml:11:13-43
104-->[com.instabug.library:instabug-survey:14.1.0] AndroidManifest.xml:11:19-40
105        </intent>
106    </queries>
107
108    <uses-permission
108-->[me.carda:AndroidAwnCore:0.10.0] AndroidManifest.xml:9:5-12:47
109        android:name="android.permission.BIND_NOTIFICATION_LISTENER_SERVICE"
109-->[me.carda:AndroidAwnCore:0.10.0] AndroidManifest.xml:10:9-77
110        android:maxSdkVersion="22" />
110-->[me.carda:AndroidAwnCore:0.10.0] AndroidManifest.xml:11:9-35
111    <uses-permission android:name="android.permission.DETECT_SCREEN_CAPTURE" /> <!-- Create a unique permission for your app and use it so only your app can receive your OneSignal messages. -->
111-->[com.instabug.library:instabug-bug:14.1.0] AndroidManifest.xml:10:5-80
111-->[com.instabug.library:instabug-bug:14.1.0] AndroidManifest.xml:10:22-77
112    <permission
112-->[com.onesignal:notifications:5.1.26] AndroidManifest.xml:10:5-12:47
113        android:name="com.craftech360.avm.permission.C2D_MESSAGE"
113-->[com.onesignal:notifications:5.1.26] AndroidManifest.xml:11:9-63
114        android:protectionLevel="signature" />
114-->[com.onesignal:notifications:5.1.26] AndroidManifest.xml:12:9-44
115
116    <uses-permission android:name="com.craftech360.avm.permission.C2D_MESSAGE" /> <!-- c2dm RECEIVE are basic requirements for push messages through Google's FCM -->
116-->[com.onesignal:notifications:5.1.26] AndroidManifest.xml:14:5-79
116-->[com.onesignal:notifications:5.1.26] AndroidManifest.xml:14:22-76
117    <uses-permission android:name="com.google.android.c2dm.permission.RECEIVE" /> <!-- START: ShortcutBadger -->
117-->[com.onesignal:notifications:5.1.26] AndroidManifest.xml:19:5-82
117-->[com.onesignal:notifications:5.1.26] AndroidManifest.xml:19:22-79
118    <!-- Samsung -->
119    <uses-permission android:name="com.sec.android.provider.badge.permission.READ" />
119-->[com.onesignal:notifications:5.1.26] AndroidManifest.xml:31:5-86
119-->[com.onesignal:notifications:5.1.26] AndroidManifest.xml:31:22-83
120    <uses-permission android:name="com.sec.android.provider.badge.permission.WRITE" /> <!-- HTC -->
120-->[com.onesignal:notifications:5.1.26] AndroidManifest.xml:32:5-87
120-->[com.onesignal:notifications:5.1.26] AndroidManifest.xml:32:22-84
121    <uses-permission android:name="com.htc.launcher.permission.READ_SETTINGS" />
121-->[com.onesignal:notifications:5.1.26] AndroidManifest.xml:33:5-81
121-->[com.onesignal:notifications:5.1.26] AndroidManifest.xml:33:22-78
122    <uses-permission android:name="com.htc.launcher.permission.UPDATE_SHORTCUT" /> <!-- Sony -->
122-->[com.onesignal:notifications:5.1.26] AndroidManifest.xml:34:5-83
122-->[com.onesignal:notifications:5.1.26] AndroidManifest.xml:34:22-80
123    <uses-permission android:name="com.sonyericsson.home.permission.BROADCAST_BADGE" />
123-->[com.onesignal:notifications:5.1.26] AndroidManifest.xml:35:5-88
123-->[com.onesignal:notifications:5.1.26] AndroidManifest.xml:35:22-85
124    <uses-permission android:name="com.sonymobile.home.permission.PROVIDER_INSERT_BADGE" /> <!-- Apex -->
124-->[com.onesignal:notifications:5.1.26] AndroidManifest.xml:36:5-92
124-->[com.onesignal:notifications:5.1.26] AndroidManifest.xml:36:22-89
125    <uses-permission android:name="com.anddoes.launcher.permission.UPDATE_COUNT" /> <!-- Solid -->
125-->[com.onesignal:notifications:5.1.26] AndroidManifest.xml:37:5-84
125-->[com.onesignal:notifications:5.1.26] AndroidManifest.xml:37:22-81
126    <uses-permission android:name="com.majeur.launcher.permission.UPDATE_BADGE" /> <!-- Huawei -->
126-->[com.onesignal:notifications:5.1.26] AndroidManifest.xml:38:5-83
126-->[com.onesignal:notifications:5.1.26] AndroidManifest.xml:38:22-80
127    <uses-permission android:name="com.huawei.android.launcher.permission.CHANGE_BADGE" />
127-->[com.onesignal:notifications:5.1.26] AndroidManifest.xml:39:5-91
127-->[com.onesignal:notifications:5.1.26] AndroidManifest.xml:39:22-88
128    <uses-permission android:name="com.huawei.android.launcher.permission.READ_SETTINGS" />
128-->[com.onesignal:notifications:5.1.26] AndroidManifest.xml:40:5-92
128-->[com.onesignal:notifications:5.1.26] AndroidManifest.xml:40:22-89
129    <uses-permission android:name="com.huawei.android.launcher.permission.WRITE_SETTINGS" /> <!-- ZUK -->
129-->[com.onesignal:notifications:5.1.26] AndroidManifest.xml:41:5-93
129-->[com.onesignal:notifications:5.1.26] AndroidManifest.xml:41:22-90
130    <uses-permission android:name="android.permission.READ_APP_BADGE" /> <!-- OPPO -->
130-->[com.onesignal:notifications:5.1.26] AndroidManifest.xml:42:5-73
130-->[com.onesignal:notifications:5.1.26] AndroidManifest.xml:42:22-70
131    <uses-permission android:name="com.oppo.launcher.permission.READ_SETTINGS" />
131-->[com.onesignal:notifications:5.1.26] AndroidManifest.xml:43:5-82
131-->[com.onesignal:notifications:5.1.26] AndroidManifest.xml:43:22-79
132    <uses-permission android:name="com.oppo.launcher.permission.WRITE_SETTINGS" /> <!-- EvMe -->
132-->[com.onesignal:notifications:5.1.26] AndroidManifest.xml:44:5-83
132-->[com.onesignal:notifications:5.1.26] AndroidManifest.xml:44:22-80
133    <uses-permission android:name="me.everything.badger.permission.BADGE_COUNT_READ" />
133-->[com.onesignal:notifications:5.1.26] AndroidManifest.xml:45:5-88
133-->[com.onesignal:notifications:5.1.26] AndroidManifest.xml:45:22-85
134    <uses-permission android:name="me.everything.badger.permission.BADGE_COUNT_WRITE" />
134-->[com.onesignal:notifications:5.1.26] AndroidManifest.xml:46:5-89
134-->[com.onesignal:notifications:5.1.26] AndroidManifest.xml:46:22-86
135    <uses-permission android:name="com.google.android.providers.gsf.permission.READ_GSERVICES" />
135-->[com.google.android.recaptcha:recaptcha:18.5.1] AndroidManifest.xml:9:5-98
135-->[com.google.android.recaptcha:recaptcha:18.5.1] AndroidManifest.xml:9:22-95
136
137    <permission
137-->[androidx.core:core:1.13.1] AndroidManifest.xml:22:5-24:47
138        android:name="com.craftech360.avm.DYNAMIC_RECEIVER_NOT_EXPORTED_PERMISSION"
138-->[androidx.core:core:1.13.1] AndroidManifest.xml:23:9-81
139        android:protectionLevel="signature" />
139-->[androidx.core:core:1.13.1] AndroidManifest.xml:24:9-44
140
141    <uses-permission android:name="com.craftech360.avm.DYNAMIC_RECEIVER_NOT_EXPORTED_PERMISSION" />
141-->[androidx.core:core:1.13.1] AndroidManifest.xml:26:5-97
141-->[androidx.core:core:1.13.1] AndroidManifest.xml:26:22-94
142
143    <application
143-->src/main/AndroidManifest.xml:48:5-87:19
144        android:appComponentFactory="androidx.core.app.CoreComponentFactory"
144-->[androidx.core:core:1.13.1] AndroidManifest.xml:28:18-86
145        android:enableOnBackInvokedCallback="true"
145-->src/main/AndroidManifest.xml:53:9-51
146        android:extractNativeLibs="false"
147        android:icon="@mipmap/ic_launcher"
147-->src/main/AndroidManifest.xml:49:9-43
148        android:label="Altio"
148-->src/main/AndroidManifest.xml:50:9-30
149        android:requestLegacyExternalStorage="true"
149-->src/main/AndroidManifest.xml:51:9-52
150        android:usesCleartextTraffic="true" >
150-->src/main/AndroidManifest.xml:52:9-44
151        <service
151-->src/main/AndroidManifest.xml:55:9-207
152            android:name="com.pravera.flutter_foreground_task.service.ForegroundService"
152-->src/main/AndroidManifest.xml:55:18-94
153            android:exported="false"
153-->src/main/AndroidManifest.xml:55:95-119
154            android:foregroundServiceType="dataSync|connectedDevice"
154-->src/main/AndroidManifest.xml:55:120-176
155            android:stopWithTask="true" />
155-->src/main/AndroidManifest.xml:55:177-204
156        <service
156-->src/main/AndroidManifest.xml:56:9-153
157            android:name="id.flutter.flutter_background_service.BackgroundService"
157-->src/main/AndroidManifest.xml:56:18-88
158            android:enabled="true"
158-->[:flutter_background_service_android] AndroidManifest.xml:14:13-35
159            android:exported="true"
159-->[:flutter_background_service_android] AndroidManifest.xml:15:13-36
160            android:foregroundServiceType="microphone"
160-->src/main/AndroidManifest.xml:56:89-131
161            android:stopWithTask="false" />
161-->[:flutter_background_service_android] AndroidManifest.xml:16:13-41
162        <service
162-->src/main/AndroidManifest.xml:57:9-109
163            android:name="com.craftech360.avm.NotificationOnKillService"
163-->src/main/AndroidManifest.xml:57:18-59
164            android:enabled="true"
164-->src/main/AndroidManifest.xml:57:60-82
165            android:exported="false" />
165-->src/main/AndroidManifest.xml:57:83-107
166
167        <activity
167-->src/main/AndroidManifest.xml:59:9-85:20
168            android:name="com.craftech360.avm.MainActivity"
168-->src/main/AndroidManifest.xml:60:13-41
169            android:configChanges="orientation|keyboardHidden|keyboard|screenSize|smallestScreenSize|locale|layoutDirection|fontScale|screenLayout|density|uiMode"
169-->src/main/AndroidManifest.xml:61:13-163
170            android:exported="true"
170-->src/main/AndroidManifest.xml:62:13-36
171            android:hardwareAccelerated="true"
171-->src/main/AndroidManifest.xml:63:13-47
172            android:launchMode="singleTop"
172-->src/main/AndroidManifest.xml:64:13-43
173            android:theme="@style/LaunchTheme"
173-->src/main/AndroidManifest.xml:65:13-47
174            android:windowSoftInputMode="adjustResize" >
174-->src/main/AndroidManifest.xml:66:13-55
175
176            <!--
177                 Specifies an Android theme to apply to this Activity as soon as
178                 the Android process has started. This theme is visible to the user
179                 while the Flutter UI initializes. After that, this theme continues
180                 to determine the Window background behind the Flutter UI.
181            -->
182            <meta-data
182-->src/main/AndroidManifest.xml:71:13-73:57
183                android:name="io.flutter.embedding.android.NormalTheme"
183-->src/main/AndroidManifest.xml:72:17-72
184                android:resource="@style/NormalTheme" />
184-->src/main/AndroidManifest.xml:73:17-54
185
186            <intent-filter>
186-->src/main/AndroidManifest.xml:74:13-77:29
187                <action android:name="android.intent.action.MAIN" />
187-->src/main/AndroidManifest.xml:75:17-69
187-->src/main/AndroidManifest.xml:75:25-66
188
189                <category android:name="android.intent.category.LAUNCHER" />
189-->src/main/AndroidManifest.xml:76:17-77
189-->src/main/AndroidManifest.xml:76:27-74
190            </intent-filter>
191            <!-- Deep linking -->
192            <meta-data
192-->src/main/AndroidManifest.xml:79:13-90
193                android:name="flutter_deeplinking_enabled"
193-->src/main/AndroidManifest.xml:79:24-66
194                android:value="true" />
194-->src/main/AndroidManifest.xml:79:67-87
195
196            <intent-filter android:autoVerify="true" >
196-->src/main/AndroidManifest.xml:80:13-84:29
196-->src/main/AndroidManifest.xml:80:28-53
197                <action android:name="android.intent.action.VIEW" />
197-->src/main/AndroidManifest.xml:81:17-69
197-->src/main/AndroidManifest.xml:81:25-66
198
199                <category android:name="android.intent.category.DEFAULT" />
199-->src/main/AndroidManifest.xml:82:17-76
199-->src/main/AndroidManifest.xml:82:27-73
200                <category android:name="android.intent.category.BROWSABLE" />
200-->src/main/AndroidManifest.xml:83:17-78
200-->src/main/AndroidManifest.xml:83:27-75
201            </intent-filter>
202        </activity>
203
204        <meta-data
204-->src/main/AndroidManifest.xml:86:9-72
205            android:name="flutterEmbedding"
205-->src/main/AndroidManifest.xml:86:20-51
206            android:value="2" />
206-->src/main/AndroidManifest.xml:86:52-69
207
208        <receiver
208-->[:awesome_notifications] AndroidManifest.xml:10:9-12:39
209            android:name="me.carda.awesome_notifications.DartNotificationActionReceiver"
209-->[:awesome_notifications] AndroidManifest.xml:11:13-89
210            android:exported="true" />
210-->[:awesome_notifications] AndroidManifest.xml:12:13-36
211        <receiver
211-->[:awesome_notifications] AndroidManifest.xml:13:9-15:39
212            android:name="me.carda.awesome_notifications.DartDismissedNotificationReceiver"
212-->[:awesome_notifications] AndroidManifest.xml:14:13-92
213            android:exported="true" />
213-->[:awesome_notifications] AndroidManifest.xml:15:13-36
214        <receiver
214-->[:awesome_notifications] AndroidManifest.xml:16:9-18:39
215            android:name="me.carda.awesome_notifications.DartScheduledNotificationReceiver"
215-->[:awesome_notifications] AndroidManifest.xml:17:13-92
216            android:exported="true" />
216-->[:awesome_notifications] AndroidManifest.xml:18:13-36
217        <receiver
217-->[:awesome_notifications] AndroidManifest.xml:19:9-33:20
218            android:name="me.carda.awesome_notifications.DartRefreshSchedulesReceiver"
218-->[:awesome_notifications] AndroidManifest.xml:20:13-87
219            android:enabled="true"
219-->[:awesome_notifications] AndroidManifest.xml:21:13-35
220            android:exported="true" >
220-->[:awesome_notifications] AndroidManifest.xml:22:13-36
221            <intent-filter>
221-->[:awesome_notifications] AndroidManifest.xml:23:13-32:29
222                <category android:name="android.intent.category.DEFAULT" />
222-->src/main/AndroidManifest.xml:82:17-76
222-->src/main/AndroidManifest.xml:82:27-73
223
224                <action android:name="android.intent.action.BOOT_COMPLETED" />
224-->[:awesome_notifications] AndroidManifest.xml:26:17-79
224-->[:awesome_notifications] AndroidManifest.xml:26:25-76
225                <action android:name="android.intent.action.LOCKED_BOOT_COMPLETED" />
225-->[:awesome_notifications] AndroidManifest.xml:27:17-86
225-->[:awesome_notifications] AndroidManifest.xml:27:25-83
226                <action android:name="android.intent.action.MY_PACKAGE_REPLACED" />
226-->[:awesome_notifications] AndroidManifest.xml:28:17-84
226-->[:awesome_notifications] AndroidManifest.xml:28:25-81
227                <action android:name="android.intent.action.QUICKBOOT_POWERON" />
227-->[:awesome_notifications] AndroidManifest.xml:29:17-82
227-->[:awesome_notifications] AndroidManifest.xml:29:25-79
228                <action android:name="com.htc.intent.action.QUICKBOOT_POWERON" />
228-->[:awesome_notifications] AndroidManifest.xml:30:17-82
228-->[:awesome_notifications] AndroidManifest.xml:30:25-79
229                <action android:name="android.app.action.SCHEDULE_EXACT_ALARM_PERMISSION_STATE_CHANGED" />
229-->[:awesome_notifications] AndroidManifest.xml:31:17-107
229-->[:awesome_notifications] AndroidManifest.xml:31:25-104
230            </intent-filter>
231        </receiver>
232
233        <service
233-->[:awesome_notifications] AndroidManifest.xml:35:9-38:72
234            android:name="me.carda.awesome_notifications.DartBackgroundService"
234-->[:awesome_notifications] AndroidManifest.xml:36:13-80
235            android:exported="false"
235-->[:awesome_notifications] AndroidManifest.xml:37:13-37
236            android:permission="android.permission.BIND_JOB_SERVICE" />
236-->[:awesome_notifications] AndroidManifest.xml:38:13-69
237        <service
237-->[:awesome_notifications] AndroidManifest.xml:39:9-44:43
238            android:name="me.carda.awesome_notifications.core.services.ForegroundService"
238-->[:awesome_notifications] AndroidManifest.xml:40:13-90
239            android:enabled="true"
239-->[:awesome_notifications] AndroidManifest.xml:41:13-35
240            android:exported="false"
240-->[:awesome_notifications] AndroidManifest.xml:42:13-37
241            android:foregroundServiceType="phoneCall"
241-->[:awesome_notifications] AndroidManifest.xml:43:13-54
242            android:stopWithTask="true" />
242-->[:awesome_notifications] AndroidManifest.xml:44:13-40
243        <service
243-->[:firebase_auth] AndroidManifest.xml:8:9-12:19
244            android:name="com.google.firebase.components.ComponentDiscoveryService"
244-->[:firebase_auth] AndroidManifest.xml:8:18-89
245            android:directBootAware="true"
245-->[com.google.firebase:firebase-common:21.0.0] AndroidManifest.xml:32:13-43
246            android:exported="false" >
246-->[com.google.firebase:firebase-auth:23.1.0] AndroidManifest.xml:68:13-37
247            <meta-data
247-->[:firebase_auth] AndroidManifest.xml:9:13-11:85
248                android:name="com.google.firebase.components:io.flutter.plugins.firebase.auth.FlutterFirebaseAuthRegistrar"
248-->[:firebase_auth] AndroidManifest.xml:10:17-124
249                android:value="com.google.firebase.components.ComponentRegistrar" />
249-->[:firebase_auth] AndroidManifest.xml:11:17-82
250            <meta-data
250-->[:firebase_core] AndroidManifest.xml:9:13-11:85
251                android:name="com.google.firebase.components:io.flutter.plugins.firebase.core.FlutterFirebaseCoreRegistrar"
251-->[:firebase_core] AndroidManifest.xml:10:17-124
252                android:value="com.google.firebase.components.ComponentRegistrar" />
252-->[:firebase_core] AndroidManifest.xml:11:17-82
253            <meta-data
253-->[com.google.firebase:firebase-auth:23.1.0] AndroidManifest.xml:69:13-71:85
254                android:name="com.google.firebase.components:com.google.firebase.auth.FirebaseAuthRegistrar"
254-->[com.google.firebase:firebase-auth:23.1.0] AndroidManifest.xml:70:17-109
255                android:value="com.google.firebase.components.ComponentRegistrar" />
255-->[com.google.firebase:firebase-auth:23.1.0] AndroidManifest.xml:71:17-82
256            <meta-data
256-->[com.google.firebase:firebase-messaging:24.0.3] AndroidManifest.xml:57:13-59:85
257                android:name="com.google.firebase.components:com.google.firebase.messaging.FirebaseMessagingKtxRegistrar"
257-->[com.google.firebase:firebase-messaging:24.0.3] AndroidManifest.xml:58:17-122
258                android:value="com.google.firebase.components.ComponentRegistrar" />